<?xml version="1.0" encoding="UTF-8"?>
<!-- Generated by org.testng.reporters.JUnitXMLReporter -->
<testsuite hostname="XY-PC" name="TestMX6" tests="1" failures="1" timestamp="29 Jul 2018 12:53:58 GMT" time="17.755" errors="0">
  <testcase name="f" time="17.723" classname="testcase.LoginTest">
    <failure type="org.openqa.selenium.NoSuchElementException" message="An element could not be located on the page using the given search parameters. (WARNING: The server did not provide any stacktrace information)
Command duration or timeout: 237 milliseconds
For documentation on this error, please visit: http://seleniumhq.org/exceptions/no_such_element.html
Build info: version: &amp;apos;2.43.1&amp;apos;, revision: &amp;apos;5163bceef1bc36d43f3dc0b83c88998168a363a0&amp;apos;, time: &amp;apos;2014-09-10 09:43:55&amp;apos;
System info: host: &amp;apos;XY-PC&amp;apos;, ip: &amp;apos;192.168.1.127&amp;apos;, os.name: &amp;apos;Windows 7&amp;apos;, os.arch: &amp;apos;amd64&amp;apos;, os.version: &amp;apos;6.1&amp;apos;, java.version: &amp;apos;1.8.0_131&amp;apos;
Driver info: io.appium.java_client.android.AndroidDriver
Capabilities [{appPackage=com.yoosee, deviceScreenSize=1080x1920, networkConnectionEnabled=true, noReset=true, warnings={}, databaseEnabled=false, deviceName=M95QCCP8G5EBW, platform=LINUX, deviceUDID=M95QCCP8G5EBW, appActivity=com.jwkj.activity.LogoActivity, desired={appPackage=com.yoosee, appActivity=com.jwkj.activity.LogoActivity, noReset=true, port=4725, platformVersion=6.0.1, host=127.0.0.1, unicodeKeyboard=true, platformName=Android, udid=M95QCCP8G5EBW, deviceName=MX6, resetKeyboard=true}, port=4725, platformVersion=6.0, webStorageEnabled=false, locationContextEnabled=false, host=127.0.0.1, takesScreenshot=true, javascriptEnabled=true, deviceModel=MX6, unicodeKeyboard=true, platformName=Android, udid=M95QCCP8G5EBW, deviceManufacturer=Meizu, resetKeyboard=true}]
Session ID: a2c1a0e4-e8c4-4600-ad97-4a6c43fe33a8">
      <![CDATA[org.openqa.selenium.NoSuchElementException: An element could not be located on the page using the given search parameters. (WARNING: The server did not provide any stacktrace information)
Command duration or timeout: 237 milliseconds
For documentation on this error, please visit: http://seleniumhq.org/exceptions/no_such_element.html
Build info: version: '2.43.1', revision: '5163bceef1bc36d43f3dc0b83c88998168a363a0', time: '2014-09-10 09:43:55'
System info: host: 'XY-PC', ip: '192.168.1.127', os.name: 'Windows 7', os.arch: 'amd64', os.version: '6.1', java.version: '1.8.0_131'
Driver info: io.appium.java_client.android.AndroidDriver
Capabilities [{appPackage=com.yoosee, deviceScreenSize=1080x1920, networkConnectionEnabled=true, noReset=true, warnings={}, databaseEnabled=false, deviceName=M95QCCP8G5EBW, platform=LINUX, deviceUDID=M95QCCP8G5EBW, appActivity=com.jwkj.activity.LogoActivity, desired={appPackage=com.yoosee, appActivity=com.jwkj.activity.LogoActivity, noReset=true, port=4725, platformVersion=6.0.1, host=127.0.0.1, unicodeKeyboard=true, platformName=Android, udid=M95QCCP8G5EBW, deviceName=MX6, resetKeyboard=true}, port=4725, platformVersion=6.0, webStorageEnabled=false, locationContextEnabled=false, host=127.0.0.1, takesScreenshot=true, javascriptEnabled=true, deviceModel=MX6, unicodeKeyboard=true, platformName=Android, udid=M95QCCP8G5EBW, deviceManufacturer=Meizu, resetKeyboard=true}]
Session ID: a2c1a0e4-e8c4-4600-ad97-4a6c43fe33a8
	at org.openqa.selenium.remote.ErrorHandler.createThrowable(ErrorHandler.java:204)
	at org.openqa.selenium.remote.ErrorHandler.throwIfResponseFailed(ErrorHandler.java:156)
	at org.openqa.selenium.remote.RemoteWebDriver.execute(RemoteWebDriver.java:599)
	at io.appium.java_client.AppiumDriver.execute(AppiumDriver.java:180)
	at org.openqa.selenium.remote.RemoteWebDriver.findElement(RemoteWebDriver.java:352)
	at org.openqa.selenium.remote.RemoteWebDriver.findElementById(RemoteWebDriver.java:393)
	at org.openqa.selenium.By$ById.findElement(By.java:214)
	at org.openqa.selenium.remote.RemoteWebDriver.findElement(RemoteWebDriver.java:344)
	at org.openqa.selenium.support.pagefactory.DefaultElementLocator.findElement(DefaultElementLocator.java:59)
	at org.openqa.selenium.support.pagefactory.internal.LocatingElementHandler.invoke(LocatingElementHandler.java:37)
	at com.sun.proxy.$Proxy10.clear(Unknown Source)
	at pageAction.LoginPage.Login(LoginPage.java:21)
	at testcase.LoginTest.f(LoginTest.java:21)
	at java.util.concurrent.FutureTask.run(Unknown Source)
	at java.util.concurrent.ThreadPoolExecutor.runWorker(Unknown Source)
	at java.util.concurrent.ThreadPoolExecutor$Worker.run(Unknown Source)
	at java.lang.Thread.run(Unknown Source)
... Removed 20 stack frames]]>
    </failure>
  </testcase> <!-- f -->
</testsuite> <!-- TestMX6 -->
